2024-12-07 14:08:01,673 - INFO - Запуск парсера статей с Habr.
2024-12-07 14:08:01,674 - INFO - Загрузка страницы: https://habr.com/ru/articles/
2024-12-07 14:08:03,071 - INFO - Успешно загружена страница: https://habr.com/ru/articles/
2024-12-07 14:08:03,352 - INFO - Начинаем парсинг статей на странице.
2024-12-07 14:08:03,352 - INFO - Парсинг содержимого статьи: https://habr.com/ru/companies/ruvds/articles/864208/
2024-12-07 14:08:03,352 - INFO - Загрузка страницы: https://habr.com/ru/companies/ruvds/articles/864208/
2024-12-07 14:08:03,987 - INFO - Успешно загружена страница: https://habr.com/ru/companies/ruvds/articles/864208/
2024-12-07 14:08:04,051 - INFO - Содержимое статьи успешно извлечено: https://habr.com/ru/companies/ruvds/articles/864208/
2024-12-07 14:08:04,055 - INFO - Парсинг содержимого статьи: https://habr.com/ru/companies/nfckey/articles/864462/
2024-12-07 14:08:04,055 - INFO - Загрузка страницы: https://habr.com/ru/companies/nfckey/articles/864462/
2024-12-07 14:08:04,461 - INFO - Успешно загружена страница: https://habr.com/ru/companies/nfckey/articles/864462/
2024-12-07 14:08:04,517 - INFO - Содержимое статьи успешно извлечено: https://habr.com/ru/companies/nfckey/articles/864462/
2024-12-07 14:08:04,518 - INFO - Парсинг содержимого статьи: https://habr.com/ru/articles/864670/
2024-12-07 14:08:04,519 - INFO - Загрузка страницы: https://habr.com/ru/articles/864670/
2024-12-07 14:08:04,865 - INFO - Успешно загружена страница: https://habr.com/ru/articles/864670/
2024-12-07 14:08:04,920 - INFO - Содержимое статьи успешно извлечено: https://habr.com/ru/articles/864670/
2024-12-07 14:08:04,920 - INFO - Парсинг содержимого статьи: https://habr.com/ru/companies/timeweb/articles/864632/
2024-12-07 14:08:04,920 - INFO - Загрузка страницы: https://habr.com/ru/companies/timeweb/articles/864632/
2024-12-07 14:08:05,311 - INFO - Успешно загружена страница: https://habr.com/ru/companies/timeweb/articles/864632/
2024-12-07 14:08:05,387 - INFO - Содержимое статьи успешно извлечено: https://habr.com/ru/companies/timeweb/articles/864632/
2024-12-07 14:08:05,388 - INFO - Найдено совпадение по полному тексту: Во что играет моя мама, пока я сплю
2024-12-07 14:08:05,388 - INFO - Парсинг содержимого статьи: https://habr.com/ru/companies/ru_mts/articles/864500/
2024-12-07 14:08:05,388 - INFO - Загрузка страницы: https://habr.com/ru/companies/ru_mts/articles/864500/
2024-12-07 14:08:05,782 - INFO - Успешно загружена страница: https://habr.com/ru/companies/ru_mts/articles/864500/
2024-12-07 14:08:05,831 - INFO - Содержимое статьи успешно извлечено: https://habr.com/ru/companies/ru_mts/articles/864500/
2024-12-07 14:08:05,832 - INFO - Найдено совпадение по полному тексту: JavaScript-фреймворки и библиотеки, на которые стоит обратить внимание в 2025 году
2024-12-07 14:08:05,832 - INFO - Парсинг содержимого статьи: https://habr.com/ru/articles/864656/
2024-12-07 14:08:05,832 - INFO - Загрузка страницы: https://habr.com/ru/articles/864656/
2024-12-07 14:08:06,191 - INFO - Успешно загружена страница: https://habr.com/ru/articles/864656/
2024-12-07 14:08:06,329 - INFO - Содержимое статьи успешно извлечено: https://habr.com/ru/articles/864656/
2024-12-07 14:08:06,333 - INFO - Парсинг содержимого статьи: https://habr.com/ru/articles/862482/
2024-12-07 14:08:06,335 - INFO - Загрузка страницы: https://habr.com/ru/articles/862482/
2024-12-07 14:08:06,684 - INFO - Успешно загружена страница: https://habr.com/ru/articles/862482/
2024-12-07 14:08:06,862 - INFO - Содержимое статьи успешно извлечено: https://habr.com/ru/articles/862482/
2024-12-07 14:08:06,862 - INFO - Найдено совпадение по полному тексту: Сколько памяти нужно в 2024 году для выполнения миллиона конкурентных задач?
2024-12-07 14:08:06,863 - INFO - Парсинг содержимого статьи: https://habr.com/ru/articles/864680/
2024-12-07 14:08:06,863 - INFO - Загрузка страницы: https://habr.com/ru/articles/864680/
2024-12-07 14:08:07,329 - INFO - Успешно загружена страница: https://habr.com/ru/articles/864680/
2024-12-07 14:08:07,405 - INFO - Содержимое статьи успешно извлечено: https://habr.com/ru/articles/864680/
2024-12-07 14:08:07,406 - INFO - Найдено совпадение по полному тексту: Keycloak интеграция со Spring boot
2024-12-07 14:08:07,406 - INFO - Парсинг содержимого статьи: https://habr.com/ru/articles/864658/
2024-12-07 14:08:07,406 - INFO - Загрузка страницы: https://habr.com/ru/articles/864658/
2024-12-07 14:08:08,458 - INFO - Успешно загружена страница: https://habr.com/ru/articles/864658/
2024-12-07 14:08:08,535 - INFO - Содержимое статьи успешно извлечено: https://habr.com/ru/articles/864658/
2024-12-07 14:08:08,536 - INFO - Парсинг содержимого статьи: https://habr.com/ru/articles/864672/
2024-12-07 14:08:08,536 - INFO - Загрузка страницы: https://habr.com/ru/articles/864672/
2024-12-07 14:08:09,773 - INFO - Успешно загружена страница: https://habr.com/ru/articles/864672/
2024-12-07 14:08:09,847 - INFO - Содержимое статьи успешно извлечено: https://habr.com/ru/articles/864672/
2024-12-07 14:08:09,851 - INFO - Парсинг содержимого статьи: https://habr.com/ru/articles/864662/
2024-12-07 14:08:09,851 - INFO - Загрузка страницы: https://habr.com/ru/articles/864662/
2024-12-07 14:08:10,430 - INFO - Успешно загружена страница: https://habr.com/ru/articles/864662/
2024-12-07 14:08:10,495 - INFO - Содержимое статьи успешно извлечено: https://habr.com/ru/articles/864662/
2024-12-07 14:08:10,496 - INFO - Парсинг содержимого статьи: https://habr.com/ru/articles/864626/
2024-12-07 14:08:10,497 - INFO - Загрузка страницы: https://habr.com/ru/articles/864626/
2024-12-07 14:08:10,938 - INFO - Успешно загружена страница: https://habr.com/ru/articles/864626/
2024-12-07 14:08:11,007 - INFO - Содержимое статьи успешно извлечено: https://habr.com/ru/articles/864626/
2024-12-07 14:08:11,009 - INFO - Парсинг содержимого статьи: https://habr.com/ru/articles/864050/
2024-12-07 14:08:11,009 - INFO - Загрузка страницы: https://habr.com/ru/articles/864050/
2024-12-07 14:08:11,470 - INFO - Успешно загружена страница: https://habr.com/ru/articles/864050/
2024-12-07 14:08:11,524 - INFO - Содержимое статьи успешно извлечено: https://habr.com/ru/articles/864050/
2024-12-07 14:08:11,525 - INFO - Парсинг содержимого статьи: https://habr.com/ru/articles/864618/
2024-12-07 14:08:11,525 - INFO - Загрузка страницы: https://habr.com/ru/articles/864618/
2024-12-07 14:08:11,874 - INFO - Успешно загружена страница: https://habr.com/ru/articles/864618/
2024-12-07 14:08:11,929 - INFO - Содержимое статьи успешно извлечено: https://habr.com/ru/articles/864618/
2024-12-07 14:08:11,930 - INFO - Парсинг содержимого статьи: https://habr.com/ru/companies/otus/articles/864608/
2024-12-07 14:08:11,930 - INFO - Загрузка страницы: https://habr.com/ru/companies/otus/articles/864608/
2024-12-07 14:08:12,360 - INFO - Успешно загружена страница: https://habr.com/ru/companies/otus/articles/864608/
2024-12-07 14:08:12,413 - INFO - Содержимое статьи успешно извлечено: https://habr.com/ru/companies/otus/articles/864608/
2024-12-07 14:08:12,415 - INFO - Парсинг содержимого статьи: https://habr.com/ru/companies/bercut/articles/864554/
2024-12-07 14:08:12,415 - INFO - Загрузка страницы: https://habr.com/ru/companies/bercut/articles/864554/
2024-12-07 14:08:12,872 - INFO - Успешно загружена страница: https://habr.com/ru/companies/bercut/articles/864554/
2024-12-07 14:08:12,959 - INFO - Содержимое статьи успешно извлечено: https://habr.com/ru/companies/bercut/articles/864554/
2024-12-07 14:08:12,960 - INFO - Парсинг содержимого статьи: https://habr.com/ru/articles/864610/
2024-12-07 14:08:12,960 - INFO - Загрузка страницы: https://habr.com/ru/articles/864610/
2024-12-07 14:08:13,409 - INFO - Успешно загружена страница: https://habr.com/ru/articles/864610/
2024-12-07 14:08:13,481 - INFO - Содержимое статьи успешно извлечено: https://habr.com/ru/articles/864610/
2024-12-07 14:08:13,482 - INFO - Найдено совпадение по полному тексту: Очередной пайплайн сборки для вашего приложения
2024-12-07 14:08:13,482 - INFO - Парсинг содержимого статьи: https://habr.com/ru/companies/finam_broker/articles/864604/
2024-12-07 14:08:13,482 - INFO - Загрузка страницы: https://habr.com/ru/companies/finam_broker/articles/864604/
2024-12-07 14:08:13,910 - INFO - Успешно загружена страница: https://habr.com/ru/companies/finam_broker/articles/864604/
2024-12-07 14:08:13,999 - INFO - Содержимое статьи успешно извлечено: https://habr.com/ru/companies/finam_broker/articles/864604/
2024-12-07 14:08:14,001 - INFO - Найдено совпадение по полному тексту: Чек-лист тестировщика в финансовой компании
2024-12-07 14:08:14,002 - INFO - Парсинг содержимого статьи: https://habr.com/ru/articles/863928/
2024-12-07 14:08:14,002 - INFO - Загрузка страницы: https://habr.com/ru/articles/863928/
2024-12-07 14:08:14,782 - INFO - Успешно загружена страница: https://habr.com/ru/articles/863928/
2024-12-07 14:08:14,849 - INFO - Содержимое статьи успешно извлечено: https://habr.com/ru/articles/863928/
2024-12-07 14:08:14,850 - INFO - Парсинг содержимого статьи: https://habr.com/ru/articles/864600/
2024-12-07 14:08:14,850 - INFO - Загрузка страницы: https://habr.com/ru/articles/864600/
2024-12-07 14:08:15,287 - INFO - Успешно загружена страница: https://habr.com/ru/articles/864600/
2024-12-07 14:08:15,343 - INFO - Содержимое статьи успешно извлечено: https://habr.com/ru/articles/864600/
2024-12-07 14:08:15,344 - INFO - Найдено совпадение по полному тексту: Сказ о термопасте
2024-12-07 14:08:15,344 - INFO - Статьи, найденные по анализу превью:
2024-12-07 14:08:15,344 - INFO - Подходящих статей по анализу превью не найдено.
2024-12-07 14:08:15,344 - INFO - 
Статьи, найденные по анализу полного текста статьи:
2024-12-07 14:08:15,344 - INFO - 2024-12-07, 11:05 – Во что играет моя мама, пока я сплю – https://habr.com/ru/companies/timeweb/articles/864632/
2024-12-07 14:08:15,344 - INFO - 2024-12-07, 11:00 – JavaScript-фреймворки и библиотеки, на которые стоит обратить внимание в 2025 году – https://habr.com/ru/companies/ru_mts/articles/864500/
2024-12-07 14:08:15,344 - INFO - 2024-12-07, 08:44 – Сколько памяти нужно в 2024 году для выполнения миллиона конкурентных задач? – https://habr.com/ru/articles/862482/
2024-12-07 14:08:15,344 - INFO - 2024-12-07, 08:16 – Keycloak интеграция со Spring boot – https://habr.com/ru/articles/864680/
2024-12-07 14:08:15,344 - INFO - 2024-12-06, 19:02 – Очередной пайплайн сборки для вашего приложения – https://habr.com/ru/articles/864610/
2024-12-07 14:08:15,344 - INFO - 2024-12-06, 18:51 – Чек-лист тестировщика в финансовой компании – https://habr.com/ru/companies/finam_broker/articles/864604/
2024-12-07 14:08:15,344 - INFO - 2024-12-06, 18:16 – Сказ о термопасте – https://habr.com/ru/articles/864600/
